[27-Jun-2015 19:59:21 UTC] PHP Warning:  mysqli_real_connect(): (HY000/2005): Unknown MySQL server host 'eerie.se.mysql' (2) in /Users/erikmagnusson/PhpstormProjects/eerie/wp-includes/wp-db.php on line 1444
[27-Jun-2015 19:59:21 UTC] PHP Deprecated:  mysql_connect(): The mysql extension is deprecated and will be removed in the future: use mysqli or PDO instead in /Users/erikmagnusson/PhpstormProjects/eerie/wp-includes/wp-db.php on line 1474
[27-Jun-2015 19:59:21 UTC] PHP Warning:  mysql_connect(): Unknown MySQL server host 'eerie.se.mysql' (2) in /Users/erikmagnusson/PhpstormProjects/eerie/wp-includes/wp-db.php on line 1474
[27-Jun-2015 19:59:22 UTC] PHP Warning:  mysqli_real_connect(): (HY000/2005): Unknown MySQL server host 'eerie.se.mysql' (2) in /Users/erikmagnusson/PhpstormProjects/eerie/wp-includes/wp-db.php on line 1444
[27-Jun-2015 19:59:22 UTC] PHP Deprecated:  mysql_connect(): The mysql extension is deprecated and will be removed in the future: use mysqli or PDO instead in /Users/erikmagnusson/PhpstormProjects/eerie/wp-includes/wp-db.php on line 1474
[27-Jun-2015 19:59:22 UTC] PHP Warning:  mysql_connect(): Unknown MySQL server host 'eerie.se.mysql' (2) in /Users/erikmagnusson/PhpstormProjects/eerie/wp-includes/wp-db.php on line 1474
[27-Jun-2015 19:59:24 UTC] PHP Warning:  mysqli_real_connect(): (HY000/2005): Unknown MySQL server host 'eerie.se.mysql' (2) in /Users/erikmagnusson/PhpstormProjects/eerie/wp-includes/wp-db.php on line 1444
[27-Jun-2015 19:59:24 UTC] PHP Deprecated:  mysql_connect(): The mysql extension is deprecated and will be removed in the future: use mysqli or PDO instead in /Users/erikmagnusson/PhpstormProjects/eerie/wp-includes/wp-db.php on line 1474
[27-Jun-2015 19:59:24 UTC] PHP Warning:  mysql_connect(): Unknown MySQL server host 'eerie.se.mysql' (2) in /Users/erikmagnusson/PhpstormProjects/eerie/wp-includes/wp-db.php on line 1474
[29-Jun-2015 10:43:22 UTC] PHP Parse error:  syntax error, unexpected '}' in /Users/erikmagnusson/PhpstormProjects/eerie/wp-content/themes/eerie/functions.php on line 23
[29-Jun-2015 10:44:22 UTC] PHP Fatal error:  Using $this when not in object context in /Users/erikmagnusson/PhpstormProjects/eerie/wp-content/themes/eerie/functions.php on line 20
[29-Jun-2015 10:44:38 UTC] PHP Fatal error:  Using $this when not in object context in /Users/erikmagnusson/PhpstormProjects/eerie/wp-content/themes/eerie/functions.php on line 20
[29-Jun-2015 10:44:52 UTC] PHP Fatal error:  Call to undefined function get_top_ancestors_id() in /Users/erikmagnusson/PhpstormProjects/eerie/wp-content/themes/eerie/header.php on line 32
[29-Jun-2015 10:45:03 UTC] PHP Fatal error:  Using $this when not in object context in /Users/erikmagnusson/PhpstormProjects/eerie/wp-content/themes/eerie/functions.php on line 20
[29-Jun-2015 10:45:19 UTC] PHP Fatal error:  Using $this when not in object context in /Users/erikmagnusson/PhpstormProjects/eerie/wp-content/themes/eerie/functions.php on line 20
[29-Jun-2015 10:46:51 UTC] PHP Fatal error:  Using $this when not in object context in /Users/erikmagnusson/PhpstormProjects/eerie/wp-content/themes/eerie/functions.php on line 20
[29-Jun-2015 10:47:07 UTC] PHP Notice:  Undefined variable: subargs in /Users/erikmagnusson/PhpstormProjects/eerie/wp-content/themes/eerie/index.php on line 10
[29-Jun-2015 10:47:07 UTC] PHP Notice:  Undefined variable: subargs in /Users/erikmagnusson/PhpstormProjects/eerie/wp-content/themes/eerie/index.php on line 10
[29-Jun-2015 10:47:08 UTC] PHP Fatal error:  Using $this when not in object context in /Users/erikmagnusson/PhpstormProjects/eerie/wp-content/themes/eerie/functions.php on line 20
[29-Jun-2015 10:47:10 UTC] PHP Notice:  Undefined variable: subargs in /Users/erikmagnusson/PhpstormProjects/eerie/wp-content/themes/eerie/index.php on line 10
[29-Jun-2015 10:47:10 UTC] PHP Notice:  Undefined variable: subargs in /Users/erikmagnusson/PhpstormProjects/eerie/wp-content/themes/eerie/index.php on line 10
[29-Jun-2015 10:47:14 UTC] PHP Fatal error:  Using $this when not in object context in /Users/erikmagnusson/PhpstormProjects/eerie/wp-content/themes/eerie/functions.php on line 20
[29-Jun-2015 10:47:32 UTC] PHP Fatal error:  Using $this when not in object context in /Users/erikmagnusson/PhpstormProjects/eerie/wp-content/themes/eerie/functions.php on line 20
[29-Jun-2015 10:47:33 UTC] PHP Fatal error:  Using $this when not in object context in /Users/erikmagnusson/PhpstormProjects/eerie/wp-content/themes/eerie/functions.php on line 20
[29-Jun-2015 10:47:36 UTC] PHP Fatal error:  Using $this when not in object context in /Users/erikmagnusson/PhpstormProjects/eerie/wp-content/themes/eerie/functions.php on line 20
[29-Jun-2015 10:48:36 UTC] PHP Fatal error:  Using $this when not in object context in /Users/erikmagnusson/PhpstormProjects/eerie/wp-content/themes/eerie/functions.php on line 20
[29-Jun-2015 10:50:12 UTC] PHP Fatal error:  Using $this when not in object context in /Users/erikmagnusson/PhpstormProjects/eerie/wp-content/themes/eerie/functions.php on line 20
[29-Jun-2015 10:50:17 UTC] PHP Fatal error:  Using $this when not in object context in /Users/erikmagnusson/PhpstormProjects/eerie/wp-content/themes/eerie/functions.php on line 20
[29-Jun-2015 10:50:37 UTC] PHP Notice:  Undefined variable: subargs in /Users/erikmagnusson/PhpstormProjects/eerie/wp-content/themes/eerie/page-about.php on line 11
[29-Jun-2015 10:50:45 UTC] PHP Fatal error:  Using $this when not in object context in /Users/erikmagnusson/PhpstormProjects/eerie/wp-content/themes/eerie/functions.php on line 20
[29-Jun-2015 10:50:47 UTC] PHP Notice:  Undefined variable: subargs in /Users/erikmagnusson/PhpstormProjects/eerie/wp-content/themes/eerie/page-about.php on line 11
[29-Jun-2015 10:50:55 UTC] PHP Notice:  Undefined variable: subargs in /Users/erikmagnusson/PhpstormProjects/eerie/wp-content/themes/eerie/page-about.php on line 11
[29-Jun-2015 10:50:57 UTC] PHP Notice:  Undefined variable: subargs in /Users/erikmagnusson/PhpstormProjects/eerie/wp-content/themes/eerie/page-about.php on line 11
[29-Jun-2015 10:50:59 UTC] PHP Fatal error:  Using $this when not in object context in /Users/erikmagnusson/PhpstormProjects/eerie/wp-content/themes/eerie/functions.php on line 20
[29-Jun-2015 10:51:26 UTC] PHP Notice:  Undefined variable: subargs in /Users/erikmagnusson/PhpstormProjects/eerie/wp-content/themes/eerie/page-about.php on line 11
[29-Jun-2015 10:51:30 UTC] PHP Notice:  Undefined variable: subargs in /Users/erikmagnusson/PhpstormProjects/eerie/wp-content/themes/eerie/page-about.php on line 11
[29-Jun-2015 10:51:58 UTC] PHP Notice:  Undefined variable: subargs in /Users/erikmagnusson/PhpstormProjects/eerie/wp-content/themes/eerie/header.php on line 29
[29-Jun-2015 10:52:03 UTC] PHP Notice:  Undefined variable: subargs in /Users/erikmagnusson/PhpstormProjects/eerie/wp-content/themes/eerie/header.php on line 29
[29-Jun-2015 10:52:03 UTC] PHP Fatal error:  Using $this when not in object context in /Users/erikmagnusson/PhpstormProjects/eerie/wp-content/themes/eerie/functions.php on line 20
[29-Jun-2015 10:52:04 UTC] PHP Notice:  Undefined variable: subargs in /Users/erikmagnusson/PhpstormProjects/eerie/wp-content/themes/eerie/header.php on line 29
[29-Jun-2015 10:52:07 UTC] PHP Notice:  Undefined variable: subargs in /Users/erikmagnusson/PhpstormProjects/eerie/wp-content/themes/eerie/header.php on line 29
[29-Jun-2015 10:52:10 UTC] PHP Notice:  Undefined variable: subargs in /Users/erikmagnusson/PhpstormProjects/eerie/wp-content/themes/eerie/header.php on line 29
[29-Jun-2015 10:52:17 UTC] PHP Notice:  Undefined variable: subargs in /Users/erikmagnusson/PhpstormProjects/eerie/wp-content/themes/eerie/header.php on line 31
[29-Jun-2015 10:52:20 UTC] PHP Notice:  Undefined variable: subargs in /Users/erikmagnusson/PhpstormProjects/eerie/wp-content/themes/eerie/header.php on line 31
[29-Jun-2015 10:52:22 UTC] PHP Notice:  Undefined variable: subargs in /Users/erikmagnusson/PhpstormProjects/eerie/wp-content/themes/eerie/header.php on line 31
[29-Jun-2015 10:52:22 UTC] PHP Fatal error:  Using $this when not in object context in /Users/erikmagnusson/PhpstormProjects/eerie/wp-content/themes/eerie/functions.php on line 20
[29-Jun-2015 10:52:25 UTC] PHP Notice:  Undefined variable: subargs in /Users/erikmagnusson/PhpstormProjects/eerie/wp-content/themes/eerie/header.php on line 31
[29-Jun-2015 10:52:43 UTC] PHP Notice:  Undefined variable: subargs in /Users/erikmagnusson/PhpstormProjects/eerie/wp-content/themes/eerie/header.php on line 31
[29-Jun-2015 10:52:46 UTC] PHP Notice:  Undefined variable: subargs in /Users/erikmagnusson/PhpstormProjects/eerie/wp-content/themes/eerie/header.php on line 31
[29-Jun-2015 10:52:47 UTC] PHP Notice:  Undefined variable: subargs in /Users/erikmagnusson/PhpstormProjects/eerie/wp-content/themes/eerie/header.php on line 31
[29-Jun-2015 10:52:48 UTC] PHP Notice:  Undefined variable: subargs in /Users/erikmagnusson/PhpstormProjects/eerie/wp-content/themes/eerie/header.php on line 31
[29-Jun-2015 10:53:05 UTC] PHP Notice:  Undefined variable: post in /Users/erikmagnusson/PhpstormProjects/eerie/wp-content/themes/eerie/functions.php on line 20
[29-Jun-2015 10:53:05 UTC] PHP Notice:  Trying to get property of non-object in /Users/erikmagnusson/PhpstormProjects/eerie/wp-content/themes/eerie/functions.php on line 20
[29-Jun-2015 10:53:05 UTC] PHP Notice:  Undefined variable: post in /Users/erikmagnusson/PhpstormProjects/eerie/wp-content/themes/eerie/functions.php on line 24
[29-Jun-2015 10:53:05 UTC] PHP Notice:  Trying to get property of non-object in /Users/erikmagnusson/PhpstormProjects/eerie/wp-content/themes/eerie/functions.php on line 24
[29-Jun-2015 10:53:05 UTC] PHP Notice:  Undefined variable: post in /Users/erikmagnusson/PhpstormProjects/eerie/wp-content/themes/eerie/functions.php on line 20
[29-Jun-2015 10:53:05 UTC] PHP Notice:  Trying to get property of non-object in /Users/erikmagnusson/PhpstormProjects/eerie/wp-content/themes/eerie/functions.php on line 20
[29-Jun-2015 10:53:05 UTC] PHP Notice:  Undefined variable: post in /Users/erikmagnusson/PhpstormProjects/eerie/wp-content/themes/eerie/functions.php on line 24
[29-Jun-2015 10:53:05 UTC] PHP Notice:  Trying to get property of non-object in /Users/erikmagnusson/PhpstormProjects/eerie/wp-content/themes/eerie/functions.php on line 24
[29-Jun-2015 10:53:22 UTC] PHP Fatal error:  Using $this when not in object context in /Users/erikmagnusson/PhpstormProjects/eerie/wp-content/themes/eerie/functions.php on line 19
[29-Jun-2015 10:53:28 UTC] PHP Fatal error:  Using $this when not in object context in /Users/erikmagnusson/PhpstormProjects/eerie/wp-content/themes/eerie/functions.php on line 19
[29-Jun-2015 10:53:43 UTC] PHP Notice:  Undefined variable: subargs in /Users/erikmagnusson/PhpstormProjects/eerie/wp-content/themes/eerie/page-about.php on line 11
[29-Jun-2015 10:53:50 UTC] PHP Notice:  Undefined variable: subargs in /Users/erikmagnusson/PhpstormProjects/eerie/wp-content/themes/eerie/page-about.php on line 11
[29-Jun-2015 10:53:52 UTC] PHP Notice:  Undefined variable: subargs in /Users/erikmagnusson/PhpstormProjects/eerie/wp-content/themes/eerie/page-about.php on line 11
[29-Jun-2015 10:54:15 UTC] PHP Notice:  Undefined variable: subargs in /Users/erikmagnusson/PhpstormProjects/eerie/wp-content/themes/eerie/page-about.php on line 11
[29-Jun-2015 10:54:23 UTC] PHP Notice:  Undefined variable: subargs in /Users/erikmagnusson/PhpstormProjects/eerie/wp-content/themes/eerie/page-about.php on line 11
[29-Jun-2015 10:54:45 UTC] PHP Notice:  Undefined variable: subargs in /Users/erikmagnusson/PhpstormProjects/eerie/wp-content/themes/eerie/page-about.php on line 11
[29-Jun-2015 10:54:53 UTC] PHP Notice:  Undefined variable: subargs in /Users/erikmagnusson/PhpstormProjects/eerie/wp-content/themes/eerie/page-about.php on line 11
[29-Jun-2015 11:00:59 UTC] PHP Notice:  Undefined variable: post in /Users/erikmagnusson/PhpstormProjects/eerie/wp-content/themes/eerie/functions.php on line 19
[29-Jun-2015 11:00:59 UTC] PHP Notice:  Trying to get property of non-object in /Users/erikmagnusson/PhpstormProjects/eerie/wp-content/themes/eerie/functions.php on line 19
[29-Jun-2015 11:00:59 UTC] PHP Notice:  Undefined variable: post in /Users/erikmagnusson/PhpstormProjects/eerie/wp-content/themes/eerie/functions.php on line 23
[29-Jun-2015 11:00:59 UTC] PHP Notice:  Trying to get property of non-object in /Users/erikmagnusson/PhpstormProjects/eerie/wp-content/themes/eerie/functions.php on line 23
[29-Jun-2015 11:01:00 UTC] PHP Notice:  Undefined variable: post in /Users/erikmagnusson/PhpstormProjects/eerie/wp-content/themes/eerie/functions.php on line 19
[29-Jun-2015 11:01:00 UTC] PHP Notice:  Trying to get property of non-object in /Users/erikmagnusson/PhpstormProjects/eerie/wp-content/themes/eerie/functions.php on line 19
[29-Jun-2015 11:01:00 UTC] PHP Notice:  Undefined variable: post in /Users/erikmagnusson/PhpstormProjects/eerie/wp-content/themes/eerie/functions.php on line 23
[29-Jun-2015 11:01:00 UTC] PHP Notice:  Trying to get property of non-object in /Users/erikmagnusson/PhpstormProjects/eerie/wp-content/themes/eerie/functions.php on line 23
[29-Jun-2015 11:02:38 UTC] PHP Notice:  Undefined variable: args in /Users/erikmagnusson/PhpstormProjects/eerie/wp-content/themes/eerie/page-about.php on line 12
[29-Jun-2015 11:02:41 UTC] PHP Notice:  Undefined variable: args in /Users/erikmagnusson/PhpstormProjects/eerie/wp-content/themes/eerie/page-about.php on line 12
[29-Jun-2015 11:03:07 UTC] PHP Notice:  Undefined variable: args in /Users/erikmagnusson/PhpstormProjects/eerie/wp-content/themes/eerie/page-about.php on line 12
[29-Jun-2015 11:03:10 UTC] PHP Notice:  Undefined variable: args in /Users/erikmagnusson/PhpstormProjects/eerie/wp-content/themes/eerie/page-about.php on line 12
[29-Jun-2015 11:03:31 UTC] PHP Notice:  Undefined variable: args in /Users/erikmagnusson/PhpstormProjects/eerie/wp-content/themes/eerie/page-about.php on line 12
[29-Jun-2015 11:03:33 UTC] PHP Notice:  Undefined variable: args in /Users/erikmagnusson/PhpstormProjects/eerie/wp-content/themes/eerie/page-about.php on line 12
[29-Jun-2015 11:04:02 UTC] PHP Notice:  Undefined variable: args in /Users/erikmagnusson/PhpstormProjects/eerie/wp-content/themes/eerie/page-about.php on line 8
[29-Jun-2015 11:04:02 UTC] PHP Notice:  Undefined variable: args in /Users/erikmagnusson/PhpstormProjects/eerie/wp-content/themes/eerie/page-about.php on line 12
[29-Jun-2015 11:04:06 UTC] PHP Notice:  Undefined variable: args in /Users/erikmagnusson/PhpstormProjects/eerie/wp-content/themes/eerie/page-about.php on line 8
[29-Jun-2015 11:04:06 UTC] PHP Notice:  Undefined variable: args in /Users/erikmagnusson/PhpstormProjects/eerie/wp-content/themes/eerie/page-about.php on line 12
[29-Jun-2015 11:04:27 UTC] PHP Notice:  Undefined variable: args in /Users/erikmagnusson/PhpstormProjects/eerie/wp-content/themes/eerie/page-about.php on line 8
[29-Jun-2015 11:04:27 UTC] PHP Notice:  Undefined variable: args in /Users/erikmagnusson/PhpstormProjects/eerie/wp-content/themes/eerie/page-about.php on line 12
[29-Jun-2015 11:07:55 UTC] PHP Fatal error:  Call to undefined function has_children() in /Users/erikmagnusson/PhpstormProjects/eerie/wp-content/themes/eerie/page.php on line 11
[29-Jun-2015 11:07:57 UTC] PHP Notice:  Undefined variable: args in /Users/erikmagnusson/PhpstormProjects/eerie/wp-content/themes/eerie/page-about.php on line 8
[29-Jun-2015 11:07:57 UTC] PHP Notice:  Undefined variable: args in /Users/erikmagnusson/PhpstormProjects/eerie/wp-content/themes/eerie/page-about.php on line 12
[29-Jun-2015 11:08:15 UTC] PHP Notice:  Undefined variable: args in /Users/erikmagnusson/PhpstormProjects/eerie/wp-content/themes/eerie/page-about.php on line 8
[29-Jun-2015 11:08:15 UTC] PHP Notice:  Undefined variable: args in /Users/erikmagnusson/PhpstormProjects/eerie/wp-content/themes/eerie/page-about.php on line 12
[29-Jun-2015 11:08:24 UTC] PHP Notice:  Undefined variable: args in /Users/erikmagnusson/PhpstormProjects/eerie/wp-content/themes/eerie/page-about.php on line 8
[29-Jun-2015 11:08:27 UTC] PHP Notice:  Undefined variable: args in /Users/erikmagnusson/PhpstormProjects/eerie/wp-content/themes/eerie/page-about.php on line 8
[29-Jun-2015 11:08:30 UTC] PHP Fatal error:  Call to undefined function has_children() in /Users/erikmagnusson/PhpstormProjects/eerie/wp-content/themes/eerie/page.php on line 11
[29-Jun-2015 11:08:31 UTC] PHP Notice:  Undefined variable: args in /Users/erikmagnusson/PhpstormProjects/eerie/wp-content/themes/eerie/page-about.php on line 8
[29-Jun-2015 11:08:54 UTC] PHP Notice:  Undefined variable: args in /Users/erikmagnusson/PhpstormProjects/eerie/wp-content/themes/eerie/page-about.php on line 8
[29-Jun-2015 11:08:55 UTC] PHP Fatal error:  Call to undefined function has_children() in /Users/erikmagnusson/PhpstormProjects/eerie/wp-content/themes/eerie/page.php on line 12
[29-Jun-2015 11:08:56 UTC] PHP Notice:  Undefined variable: args in /Users/erikmagnusson/PhpstormProjects/eerie/wp-content/themes/eerie/page-about.php on line 8
[29-Jun-2015 11:09:22 UTC] PHP Fatal error:  Call to undefined function has_children() in /Users/erikmagnusson/PhpstormProjects/eerie/wp-content/themes/eerie/page.php on line 12
[29-Jun-2015 11:11:56 UTC] PHP Warning:  Cannot modify header information - headers already sent by (output started at /Users/erikmagnusson/PhpstormProjects/eerie/wp-content/themes/eerie/functions.php:2) in /Users/erikmagnusson/PhpstormProjects/eerie/wp-includes/pluggable.php on line 1196
[29-Jun-2015 14:32:55 UTC] PHP Notice:  define() was called with an argument that is <strong>deprecated</strong> since version 4.0! The WPLANG constant in your wp-config.php file is no longer needed. in /Users/erikmagnusson/PhpstormProjects/eerie/wp-includes/functions.php on line 3508
[29-Jun-2015 15:00:53 UTC] PHP Notice:  define() was called with an argument that is <strong>deprecated</strong> since version 4.0! The WPLANG constant in your wp-config.php file is no longer needed. in /Users/erikmagnusson/PhpstormProjects/eerie/wp-includes/functions.php on line 3508
[29-Jun-2015 17:29:03 UTC] PHP Parse error:  syntax error, unexpected '}' in /Users/erikmagnusson/PhpstormProjects/eerie/wp-content/themes/learningWordPress/front-page.php on line 44
[29-Jun-2015 17:29:28 UTC] PHP Parse error:  syntax error, unexpected end of file in /Users/erikmagnusson/PhpstormProjects/eerie/wp-content/themes/learningWordPress/front-page.php on line 71
[29-Jun-2015 18:03:32 UTC] PHP Notice:  Undefined index: image in /Users/erikmagnusson/PhpstormProjects/eerie/wp-content/plugins/image-widget/image-widget.php on line 351
[29-Jun-2015 18:08:16 UTC] PHP Notice:  Undefined index: image in /Users/erikmagnusson/PhpstormProjects/eerie/wp-content/plugins/image-widget/image-widget.php on line 351
[29-Jun-2015 18:08:41 UTC] PHP Notice:  Undefined index: image in /Users/erikmagnusson/PhpstormProjects/eerie/wp-content/plugins/image-widget/image-widget.php on line 351
[29-Jun-2015 18:08:55 UTC] PHP Parse error:  syntax error, unexpected end of file in /Users/erikmagnusson/PhpstormProjects/eerie/wp-content/themes/learningWordPress/front-page.php on line 42
[03-Jul-2015 08:57:08 UTC] PHP Notice:  Array to string conversion in /Users/erikmagnusson/PhpstormProjects/eerie/wp-content/themes/learningWordPress/front-page.php on line 49
[03-Jul-2015 08:58:32 UTC] PHP Notice:  Undefined offset: 0 in /Users/erikmagnusson/PhpstormProjects/eerie/wp-content/themes/learningWordPress/front-page.php on line 49
[03-Jul-2015 09:06:52 UTC] PHP Fatal error:  Call to undefined function the_contentt() in /Users/erikmagnusson/PhpstormProjects/eerie/wp-content/themes/learningWordPress/front-page.php on line 42
[03-Jul-2015 09:07:26 UTC] PHP Notice:  Undefined variable: size in /Users/erikmagnusson/PhpstormProjects/eerie/wp-content/themes/learningWordPress/front-page.php on line 40
[03-Jul-2015 09:07:26 UTC] PHP Notice:  Undefined variable: attr in /Users/erikmagnusson/PhpstormProjects/eerie/wp-content/themes/learningWordPress/front-page.php on line 40
[03-Jul-2015 09:10:38 UTC] PHP Parse error:  syntax error, unexpected end of file in /Users/erikmagnusson/PhpstormProjects/eerie/wp-content/themes/learningWordPress/front-page.php on line 59
[03-Jul-2015 09:10:57 UTC] PHP Parse error:  syntax error, unexpected end of file in /Users/erikmagnusson/PhpstormProjects/eerie/wp-content/themes/learningWordPress/front-page.php on line 59
[03-Jul-2015 09:10:59 UTC] PHP Parse error:  syntax error, unexpected end of file in /Users/erikmagnusson/PhpstormProjects/eerie/wp-content/themes/learningWordPress/front-page.php on line 59
[03-Jul-2015 09:13:40 UTC] PHP Parse error:  syntax error, unexpected end of file in /Users/erikmagnusson/PhpstormProjects/eerie/wp-content/themes/learningWordPress/front-page.php on line 53
[03-Jul-2015 09:27:43 UTC] PHP Warning:  Invalid argument supplied for foreach() in /Users/erikmagnusson/PhpstormProjects/eerie/wp-content/themes/learningWordPress/front-page.php on line 47
[03-Jul-2015 09:34:17 UTC] PHP Notice:  Array to string conversion in /Users/erikmagnusson/PhpstormProjects/eerie/wp-content/themes/learningWordPress/front-page.php on line 49
[08-Jul-2015 20:33:10 UTC] PHP Notice:  Undefined variable: defaults in /Users/erikmagnusson/PhpstormProjects/eerie/wp-content/themes/eerie/header.php on line 23
[08-Jul-2015 20:33:10 UTC] PHP Notice:  Undefined variable: defaults in /Users/erikmagnusson/PhpstormProjects/eerie/wp-content/themes/eerie/header.php on line 23
[08-Jul-2015 20:33:10 UTC] PHP Notice:  Undefined variable: defaults in /Users/erikmagnusson/PhpstormProjects/eerie/wp-content/themes/eerie/header.php on line 23
[08-Jul-2015 20:33:10 UTC] PHP Notice:  Undefined variable: defaults in /Users/erikmagnusson/PhpstormProjects/eerie/wp-content/themes/eerie/header.php on line 23
[08-Jul-2015 20:33:13 UTC] PHP Notice:  Undefined variable: defaults in /Users/erikmagnusson/PhpstormProjects/eerie/wp-content/themes/eerie/header.php on line 23
[08-Jul-2015 20:33:13 UTC] PHP Notice:  Undefined variable: defaults in /Users/erikmagnusson/PhpstormProjects/eerie/wp-content/themes/eerie/header.php on line 23
[08-Jul-2015 20:33:13 UTC] PHP Notice:  Undefined variable: defaults in /Users/erikmagnusson/PhpstormProjects/eerie/wp-content/themes/eerie/header.php on line 23
[08-Jul-2015 20:33:13 UTC] PHP Notice:  Undefined variable: defaults in /Users/erikmagnusson/PhpstormProjects/eerie/wp-content/themes/eerie/header.php on line 23
[10-Jul-2015 21:47:26 UTC] PHP Warning:  Cannot modify header information - headers already sent by (output started at /Users/erikmagnusson/PhpstormProjects/eerie/wp-content/themes/eerie/functions.php:2) in /Users/erikmagnusson/PhpstormProjects/eerie/wp-includes/pluggable.php on line 1196
[13-Jul-2015 09:28:15 UTC] PHP Warning:  Cannot modify header information - headers already sent by (output started at /Users/erikmagnusson/PhpstormProjects/eerie/wp-content/themes/eerie/functions.php:2) in /Users/erikmagnusson/PhpstormProjects/eerie/wp-includes/pluggable.php on line 1196
[13-Jul-2015 09:28:17 UTC] PHP Warning:  Cannot modify header information - headers already sent by (output started at /Users/erikmagnusson/PhpstormProjects/eerie/wp-content/themes/eerie/functions.php:2) in /Users/erikmagnusson/PhpstormProjects/eerie/wp-includes/pluggable.php on line 1196
[13-Jul-2015 09:28:19 UTC] PHP Warning:  Cannot modify header information - headers already sent by (output started at /Users/erikmagnusson/PhpstormProjects/eerie/wp-content/themes/eerie/functions.php:2) in /Users/erikmagnusson/PhpstormProjects/eerie/wp-includes/pluggable.php on line 1196
[13-Jul-2015 09:28:21 UTC] PHP Warning:  Cannot modify header information - headers already sent by (output started at /Users/erikmagnusson/PhpstormProjects/eerie/wp-content/themes/eerie/functions.php:2) in /Users/erikmagnusson/PhpstormProjects/eerie/wp-includes/pluggable.php on line 1196
[13-Jul-2015 09:28:29 UTC] PHP Warning:  Cannot modify header information - headers already sent by (output started at /Users/erikmagnusson/PhpstormProjects/eerie/wp-content/themes/eerie/functions.php:2) in /Users/erikmagnusson/PhpstormProjects/eerie/wp-includes/pluggable.php on line 1196
[13-Jul-2015 09:28:32 UTC] PHP Warning:  Cannot modify header information - headers already sent by (output started at /Users/erikmagnusson/PhpstormProjects/eerie/wp-content/themes/eerie/functions.php:2) in /Users/erikmagnusson/PhpstormProjects/eerie/wp-includes/pluggable.php on line 1196
[13-Jul-2015 09:28:37 UTC] PHP Warning:  Cannot modify header information - headers already sent by (output started at /Users/erikmagnusson/PhpstormProjects/eerie/wp-content/themes/eerie/functions.php:2) in /Users/erikmagnusson/PhpstormProjects/eerie/wp-includes/pluggable.php on line 1196
[13-Jul-2015 09:28:47 UTC] PHP Warning:  Cannot modify header information - headers already sent by (output started at /Users/erikmagnusson/PhpstormProjects/eerie/wp-content/themes/eerie/functions.php:2) in /Users/erikmagnusson/PhpstormProjects/eerie/wp-includes/pluggable.php on line 1196
[13-Jul-2015 09:29:04 UTC] PHP Warning:  Cannot modify header information - headers already sent by (output started at /Users/erikmagnusson/PhpstormProjects/eerie/wp-content/themes/eerie/functions.php:2) in /Users/erikmagnusson/PhpstormProjects/eerie/wp-includes/pluggable.php on line 1196
[13-Jul-2015 09:31:43 UTC] PHP Warning:  Cannot modify header information - headers already sent by (output started at /Users/erikmagnusson/PhpstormProjects/eerie/wp-content/themes/eerie/functions.php:2) in /Users/erikmagnusson/PhpstormProjects/eerie/wp-includes/pluggable.php on line 1196
[13-Jul-2015 09:33:09 UTC] PHP Warning:  Cannot modify header information - headers already sent by (output started at /Users/erikmagnusson/PhpstormProjects/eerie/wp-content/themes/eerie/functions.php:2) in /Users/erikmagnusson/PhpstormProjects/eerie/wp-includes/pluggable.php on line 1196
[13-Jul-2015 09:33:58 UTC] PHP Warning:  Cannot modify header information - headers already sent by (output started at /Users/erikmagnusson/PhpstormProjects/eerie/wp-content/themes/eerie/functions.php:2) in /Users/erikmagnusson/PhpstormProjects/eerie/wp-includes/pluggable.php on line 1196
[13-Jul-2015 09:33:59 UTC] PHP Warning:  Cannot modify header information - headers already sent by (output started at /Users/erikmagnusson/PhpstormProjects/eerie/wp-content/themes/eerie/functions.php:2) in /Users/erikmagnusson/PhpstormProjects/eerie/wp-includes/pluggable.php on line 1196
[13-Jul-2015 09:34:00 UTC] PHP Warning:  Cannot modify header information - headers already sent by (output started at /Users/erikmagnusson/PhpstormProjects/eerie/wp-content/themes/eerie/functions.php:2) in /Users/erikmagnusson/PhpstormProjects/eerie/wp-includes/pluggable.php on line 1196
[13-Jul-2015 09:48:59 UTC] PHP Notice:  define() was called with an argument that is <strong>deprecated</strong> since version 4.0! The WPLANG constant in your wp-config.php file is no longer needed. in /Users/erikmagnusson/PhpstormProjects/eerie/wp-includes/functions.php on line 3508
[13-Jul-2015 09:49:34 UTC] PHP Notice:  define() was called with an argument that is <strong>deprecated</strong> since version 4.0! The WPLANG constant in your wp-config.php file is no longer needed. in /Users/erikmagnusson/PhpstormProjects/eerie/wp-includes/functions.php on line 3508
[13-Jul-2015 09:56:18 UTC] PHP Notice:  Undefined index: mykraft_slidetarget in /Users/erikmagnusson/PhpstormProjects/eerie/wp-content/plugins/mykraft-owl-slider/mykraft-owl-slider.php on line 195
[13-Jul-2015 09:56:43 UTC] PHP Notice:  define() was called with an argument that is <strong>deprecated</strong> since version 4.0! The WPLANG constant in your wp-config.php file is no longer needed. in /Users/erikmagnusson/PhpstormProjects/eerie/wp-includes/functions.php on line 3508
[13-Jul-2015 10:00:49 UTC] PHP Notice:  Trying to get property of non-object in /Users/erikmagnusson/PhpstormProjects/eerie/wp-admin/includes/class-wp-terms-list-table.php on line 292
[13-Jul-2015 10:00:49 UTC] PHP Notice:  Trying to get property of non-object in /Users/erikmagnusson/PhpstormProjects/eerie/wp-admin/includes/class-wp-terms-list-table.php on line 292
[13-Jul-2015 10:00:49 UTC] PHP Notice:  Trying to get property of non-object in /Users/erikmagnusson/PhpstormProjects/eerie/wp-includes/link-template.php on line 899
[13-Jul-2015 10:00:49 UTC] PHP Notice:  Trying to get property of non-object in /Users/erikmagnusson/PhpstormProjects/eerie/wp-includes/link-template.php on line 899
[13-Jul-2015 10:00:49 UTC] PHP Notice:  Trying to get property of non-object in /Users/erikmagnusson/PhpstormProjects/eerie/wp-admin/includes/class-wp-terms-list-table.php on line 332
[13-Jul-2015 10:00:49 UTC] PHP Notice:  Trying to get property of non-object in /Users/erikmagnusson/PhpstormProjects/eerie/wp-admin/includes/class-wp-terms-list-table.php on line 332
[13-Jul-2015 10:00:49 UTC] PHP Notice:  Trying to get property of non-object in /Users/erikmagnusson/PhpstormProjects/eerie/wp-admin/includes/class-wp-terms-list-table.php on line 336
[13-Jul-2015 10:00:49 UTC] PHP Notice:  Trying to get property of non-object in /Users/erikmagnusson/PhpstormProjects/eerie/wp-admin/includes/class-wp-terms-list-table.php on line 336
[13-Jul-2015 10:00:49 UTC] PHP Notice:  Trying to get property of non-object in /Users/erikmagnusson/PhpstormProjects/eerie/wp-admin/includes/class-wp-terms-list-table.php on line 338
[13-Jul-2015 10:00:49 UTC] PHP Notice:  Undefined property: WP_Error::$term_id in /Users/erikmagnusson/PhpstormProjects/eerie/wp-admin/includes/class-wp-terms-list-table.php on line 367
[13-Jul-2015 10:00:49 UTC] PHP Notice:  Undefined property: WP_Error::$name in /Users/erikmagnusson/PhpstormProjects/eerie/wp-admin/includes/class-wp-terms-list-table.php on line 368
[13-Jul-2015 10:00:49 UTC] PHP Notice:  Undefined property: WP_Error::$slug in /Users/erikmagnusson/PhpstormProjects/eerie/wp-admin/includes/class-wp-terms-list-table.php on line 371
[13-Jul-2015 10:00:49 UTC] PHP Notice:  Undefined property: WP_Error::$parent in /Users/erikmagnusson/PhpstormProjects/eerie/wp-admin/includes/class-wp-terms-list-table.php on line 372
[13-Jul-2015 10:00:49 UTC] PHP Notice:  Trying to get property of non-object in /Users/erikmagnusson/PhpstormProjects/eerie/wp-admin/includes/class-wp-terms-list-table.php on line 404
[13-Jul-2015 10:00:49 UTC] PHP Notice:  Trying to get property of non-object in /Users/erikmagnusson/PhpstormProjects/eerie/wp-admin/includes/class-wp-terms-list-table.php on line 292
[13-Jul-2015 10:00:49 UTC] PHP Notice:  Trying to get property of non-object in /Users/erikmagnusson/PhpstormProjects/eerie/wp-admin/includes/class-wp-terms-list-table.php on line 292
[13-Jul-2015 10:00:49 UTC] PHP Notice:  Trying to get property of non-object in /Users/erikmagnusson/PhpstormProjects/eerie/wp-includes/link-template.php on line 899
[13-Jul-2015 10:00:49 UTC] PHP Notice:  Trying to get property of non-object in /Users/erikmagnusson/PhpstormProjects/eerie/wp-includes/link-template.php on line 899
[13-Jul-2015 10:00:49 UTC] PHP Notice:  Trying to get property of non-object in /Users/erikmagnusson/PhpstormProjects/eerie/wp-admin/includes/class-wp-terms-list-table.php on line 332
[13-Jul-2015 10:00:49 UTC] PHP Notice:  Trying to get property of non-object in /Users/erikmagnusson/PhpstormProjects/eerie/wp-admin/includes/class-wp-terms-list-table.php on line 332
[13-Jul-2015 10:00:49 UTC] PHP Notice:  Trying to get property of non-object in /Users/erikmagnusson/PhpstormProjects/eerie/wp-admin/includes/class-wp-terms-list-table.php on line 336
[13-Jul-2015 10:00:49 UTC] PHP Notice:  Trying to get property of non-object in /Users/erikmagnusson/PhpstormProjects/eerie/wp-admin/includes/class-wp-terms-list-table.php on line 336
[13-Jul-2015 10:00:49 UTC] PHP Notice:  Trying to get property of non-object in /Users/erikmagnusson/PhpstormProjects/eerie/wp-admin/includes/class-wp-terms-list-table.php on line 338
[13-Jul-2015 10:00:49 UTC] PHP Notice:  Undefined property: WP_Error::$term_id in /Users/erikmagnusson/PhpstormProjects/eerie/wp-admin/includes/class-wp-terms-list-table.php on line 367
[13-Jul-2015 10:00:49 UTC] PHP Notice:  Undefined property: WP_Error::$name in /Users/erikmagnusson/PhpstormProjects/eerie/wp-admin/includes/class-wp-terms-list-table.php on line 368
[13-Jul-2015 10:00:49 UTC] PHP Notice:  Undefined property: WP_Error::$slug in /Users/erikmagnusson/PhpstormProjects/eerie/wp-admin/includes/class-wp-terms-list-table.php on line 371
[13-Jul-2015 10:00:49 UTC] PHP Notice:  Undefined property: WP_Error::$parent in /Users/erikmagnusson/PhpstormProjects/eerie/wp-admin/includes/class-wp-terms-list-table.php on line 372
[13-Jul-2015 10:00:49 UTC] PHP Notice:  Trying to get property of non-object in /Users/erikmagnusson/PhpstormProjects/eerie/wp-admin/includes/class-wp-terms-list-table.php on line 404
[13-Jul-2015 10:08:00 UTC] PHP Fatal error:  Allowed memory size of 134217728 bytes exhausted (tried to allocate 82 bytes) in /Users/erikmagnusson/PhpstormProjects/eerie/wp-includes/template.php on line 498
[18-Jul-2015 11:14:42 UTC] PHP Notice:  Trying to get property of non-object in /Users/erikmagnusson/PhpstormProjects/eerie/wp-admin/includes/class-wp-terms-list-table.php on line 292
[18-Jul-2015 11:14:42 UTC] PHP Notice:  Trying to get property of non-object in /Users/erikmagnusson/PhpstormProjects/eerie/wp-admin/includes/class-wp-terms-list-table.php on line 292
[18-Jul-2015 11:14:42 UTC] PHP Notice:  Trying to get property of non-object in /Users/erikmagnusson/PhpstormProjects/eerie/wp-includes/link-template.php on line 899
[18-Jul-2015 11:14:42 UTC] PHP Notice:  Trying to get property of non-object in /Users/erikmagnusson/PhpstormProjects/eerie/wp-includes/link-template.php on line 899
[18-Jul-2015 11:14:42 UTC] PHP Notice:  Trying to get property of non-object in /Users/erikmagnusson/PhpstormProjects/eerie/wp-admin/includes/class-wp-terms-list-table.php on line 332
[18-Jul-2015 11:14:42 UTC] PHP Notice:  Trying to get property of non-object in /Users/erikmagnusson/PhpstormProjects/eerie/wp-admin/includes/class-wp-terms-list-table.php on line 332
[18-Jul-2015 11:14:42 UTC] PHP Notice:  Trying to get property of non-object in /Users/erikmagnusson/PhpstormProjects/eerie/wp-admin/includes/class-wp-terms-list-table.php on line 336
[18-Jul-2015 11:14:42 UTC] PHP Notice:  Trying to get property of non-object in /Users/erikmagnusson/PhpstormProjects/eerie/wp-admin/includes/class-wp-terms-list-table.php on line 336
[18-Jul-2015 11:14:42 UTC] PHP Notice:  Trying to get property of non-object in /Users/erikmagnusson/PhpstormProjects/eerie/wp-admin/includes/class-wp-terms-list-table.php on line 338
[18-Jul-2015 11:14:42 UTC] PHP Notice:  Undefined property: WP_Error::$term_id in /Users/erikmagnusson/PhpstormProjects/eerie/wp-admin/includes/class-wp-terms-list-table.php on line 367
[18-Jul-2015 11:14:42 UTC] PHP Notice:  Undefined property: WP_Error::$name in /Users/erikmagnusson/PhpstormProjects/eerie/wp-admin/includes/class-wp-terms-list-table.php on line 368
[18-Jul-2015 11:14:42 UTC] PHP Notice:  Undefined property: WP_Error::$slug in /Users/erikmagnusson/PhpstormProjects/eerie/wp-admin/includes/class-wp-terms-list-table.php on line 371
[18-Jul-2015 11:14:42 UTC] PHP Notice:  Undefined property: WP_Error::$parent in /Users/erikmagnusson/PhpstormProjects/eerie/wp-admin/includes/class-wp-terms-list-table.php on line 372
[18-Jul-2015 11:14:42 UTC] PHP Notice:  Trying to get property of non-object in /Users/erikmagnusson/PhpstormProjects/eerie/wp-admin/includes/class-wp-terms-list-table.php on line 404
[18-Jul-2015 11:14:42 UTC] PHP Notice:  Trying to get property of non-object in /Users/erikmagnusson/PhpstormProjects/eerie/wp-admin/includes/class-wp-terms-list-table.php on line 292
[18-Jul-2015 11:14:42 UTC] PHP Notice:  Trying to get property of non-object in /Users/erikmagnusson/PhpstormProjects/eerie/wp-admin/includes/class-wp-terms-list-table.php on line 292
[18-Jul-2015 11:14:42 UTC] PHP Notice:  Trying to get property of non-object in /Users/erikmagnusson/PhpstormProjects/eerie/wp-includes/link-template.php on line 899
[18-Jul-2015 11:14:42 UTC] PHP Notice:  Trying to get property of non-object in /Users/erikmagnusson/PhpstormProjects/eerie/wp-includes/link-template.php on line 899
[18-Jul-2015 11:14:42 UTC] PHP Notice:  Trying to get property of non-object in /Users/erikmagnusson/PhpstormProjects/eerie/wp-admin/includes/class-wp-terms-list-table.php on line 332
[18-Jul-2015 11:14:42 UTC] PHP Notice:  Trying to get property of non-object in /Users/erikmagnusson/PhpstormProjects/eerie/wp-admin/includes/class-wp-terms-list-table.php on line 332
[18-Jul-2015 11:14:42 UTC] PHP Notice:  Trying to get property of non-object in /Users/erikmagnusson/PhpstormProjects/eerie/wp-admin/includes/class-wp-terms-list-table.php on line 336
[18-Jul-2015 11:14:42 UTC] PHP Notice:  Trying to get property of non-object in /Users/erikmagnusson/PhpstormProjects/eerie/wp-admin/includes/class-wp-terms-list-table.php on line 336
[18-Jul-2015 11:14:42 UTC] PHP Notice:  Trying to get property of non-object in /Users/erikmagnusson/PhpstormProjects/eerie/wp-admin/includes/class-wp-terms-list-table.php on line 338
[18-Jul-2015 11:14:42 UTC] PHP Notice:  Undefined property: WP_Error::$term_id in /Users/erikmagnusson/PhpstormProjects/eerie/wp-admin/includes/class-wp-terms-list-table.php on line 367
[18-Jul-2015 11:14:42 UTC] PHP Notice:  Undefined property: WP_Error::$name in /Users/erikmagnusson/PhpstormProjects/eerie/wp-admin/includes/class-wp-terms-list-table.php on line 368
[18-Jul-2015 11:14:42 UTC] PHP Notice:  Undefined property: WP_Error::$slug in /Users/erikmagnusson/PhpstormProjects/eerie/wp-admin/includes/class-wp-terms-list-table.php on line 371
[18-Jul-2015 11:14:42 UTC] PHP Notice:  Undefined property: WP_Error::$parent in /Users/erikmagnusson/PhpstormProjects/eerie/wp-admin/includes/class-wp-terms-list-table.php on line 372
[18-Jul-2015 11:14:42 UTC] PHP Notice:  Trying to get property of non-object in /Users/erikmagnusson/PhpstormProjects/eerie/wp-admin/includes/class-wp-terms-list-table.php on line 404
[18-Jul-2015 11:46:23 UTC] PHP Parse error:  syntax error, unexpected 'while' (T_WHILE) in /Users/erikmagnusson/PhpstormProjects/eerie/wp-content/themes/landskapskompaniet/page-services.php on line 49
[18-Jul-2015 11:49:20 UTC] PHP Fatal error:  Maximum execution time of 30 seconds exceeded in /Users/erikmagnusson/PhpstormProjects/eerie/wp-content/themes/landskapskompaniet/page-services.php on line 54
[18-Jul-2015 11:49:22 UTC] PHP Fatal error:  Maximum execution time of 30 seconds exceeded in /Users/erikmagnusson/PhpstormProjects/eerie/wp-includes/query.php on line 54
[18-Jul-2015 11:49:30 UTC] PHP Fatal error:  Maximum execution time of 30 seconds exceeded in /Users/erikmagnusson/PhpstormProjects/eerie/wp-content/themes/landskapskompaniet/page-services.php on line 54
[18-Jul-2015 11:50:05 UTC] PHP Fatal error:  Maximum execution time of 30 seconds exceeded in /Users/erikmagnusson/PhpstormProjects/eerie/wp-includes/query.php on line 54
[18-Jul-2015 11:53:39 UTC] PHP Fatal error:  Maximum execution time of 30 seconds exceeded in /Users/erikmagnusson/PhpstormProjects/eerie/wp-content/themes/landskapskompaniet/page-services.php on line 45
[18-Jul-2015 11:55:20 UTC] PHP Parse error:  syntax error, unexpected end of file in /Users/erikmagnusson/PhpstormProjects/eerie/wp-content/themes/landskapskompaniet/page-services.php on line 176
[18-Jul-2015 11:55:21 UTC] PHP Parse error:  syntax error, unexpected end of file in /Users/erikmagnusson/PhpstormProjects/eerie/wp-content/themes/landskapskompaniet/page-services.php on line 176
[18-Jul-2015 11:55:22 UTC] PHP Parse error:  syntax error, unexpected end of file in /Users/erikmagnusson/PhpstormProjects/eerie/wp-content/themes/landskapskompaniet/page-services.php on line 176
[18-Jul-2015 11:55:32 UTC] PHP Parse error:  syntax error, unexpected end of file in /Users/erikmagnusson/PhpstormProjects/eerie/wp-content/themes/landskapskompaniet/page-services.php on line 135
[18-Jul-2015 11:55:33 UTC] PHP Parse error:  syntax error, unexpected end of file in /Users/erikmagnusson/PhpstormProjects/eerie/wp-content/themes/landskapskompaniet/page-services.php on line 135
[18-Jul-2015 11:55:36 UTC] PHP Parse error:  syntax error, unexpected end of file in /Users/erikmagnusson/PhpstormProjects/eerie/wp-content/themes/landskapskompaniet/page-services.php on line 135
[18-Jul-2015 12:03:40 UTC] PHP Parse error:  syntax error, unexpected end of file in /Users/erikmagnusson/PhpstormProjects/eerie/wp-content/themes/landskapskompaniet/page-services.php on line 175
[18-Jul-2015 12:03:41 UTC] PHP Parse error:  syntax error, unexpected end of file in /Users/erikmagnusson/PhpstormProjects/eerie/wp-content/themes/landskapskompaniet/page-services.php on line 175
