********************************************************************************
PACKAGE-LOG: 2015-06-29 19:29:52
NOTICE: Do NOT post to public sites or forums 
********************************************************************************
VERSION:	0.5.22
WORDPRESS:	4.2.2
PHP INFO:	5.6.2 | SAPI: apache2handler
SERVER:		Apache/2.2.29 (Unix) mod_fastcgi/2.4.6 mod_wsgi/3.4 Python/2.7.8 PHP/5.6.2 mod_ssl/2.2.29 OpenSSL/0.9.8zd DAV/2 mod_perl/2.0.8 Perl/v5.20.0 
PHP TIME LIMIT: (0) no time limit imposed 
PHP MAX MEMORY: 5000M (128M default) 
MEMORY STACK: 16.75MB 

********************************************************************************
DATABASE:
********************************************************************************
BUILD MODE:   PHP (query limit - 100)
MYSQLDUMP:    Not Supported
MYSQLTIMEOUT: 5000 
TABLES: total:15 | filtered:0 | create:15 
FILTERED: [] 
SQL CREATED: 20150627_eerie_55919ca76341f6609150629192943_database.sql 
SQL FILE SIZE: 516.39KB 
SQL FILE TIME: 2015-06-29 19:29:52 
SQL RUNTIME: 0.04 sec. 

******************************************************************************** 
ARCHIVE (ZIP): 
******************************************************************************** 
ARCHIVE DIR:  /Users/erikmagnusson/PhpstormProjects/eerie 
ARCHIVE FILE: 20150627_eerie_55919ca76341f6609150629192943_archive.zip 
FILTERS: *OFF* 
DIRS:  not set 
EXTS:  not set 
---------------------------------------- 
COMPRESSING 
SIZE:	39.4MB 
STATS:	Dirs 161 | Files 1,422 | Links 0 
SQL ADDED: 20150627_eerie_55919ca76341f6609150629192943_database.sql 
ZipArchive Object
(
    [status] => 0
    [statusSys] => 0
    [numFiles] => 1583
    [filename] => /Users/erikmagnusson/PhpstormProjects/eerie/wp-snapshots/tmp/20150627_eerie_55919ca76341f6609150629192943_archive.zip
    [comment] => 
)
 
COMPRESSION RESULT: '1' 
COMPRESSED SIZE: 24.46MB 
ARCHIVE RUNTIME: 4.64 sec. 
MEMORY STACK: 17.5MB 

******************************************************************************** 
MAKE INSTALLER: 
******************************************************************************** 
Build Start 
Build Finished 
Preping for use 
Template parsed with new data 
Complete [/Users/erikmagnusson/PhpstormProjects/eerie/wp-snapshots/tmp/20150627_eerie_55919ca76341f6609150629192943_installer.php] 
Added to archive 

******************************************************************************** 
INTEGRITY CHECKS: 
******************************************************************************** 
SQL File: 516.39KB 
Installer File: 317.97KB 
Archive File: 24.46MB  

********************************************************************************
RECORD ID:[2]
TOTAL PROCESS RUNTIME: 4.94 sec.
PEAK PHP MEMORY USED: 20MB
DONE PROCESSING => 20150627_eerie 2015-06-29 19:29:57
 
