********************************************************************************
PACKAGE-LOG: 2015-06-27 20:02:05
NOTICE: Do NOT post to public sites or forums 
********************************************************************************
VERSION:	0.5.22
WORDPRESS:	4.2.2
PHP INFO:	5.6.2 | SAPI: apache2handler
SERVER:		Apache/2.2.29 (Unix) mod_fastcgi/2.4.6 mod_wsgi/3.4 Python/2.7.8 PHP/5.6.2 mod_ssl/2.2.29 OpenSSL/0.9.8zd DAV/2 mod_perl/2.0.8 Perl/v5.20.0 
PHP TIME LIMIT: (0) no time limit imposed 
PHP MAX MEMORY: 5000M (128M default) 
MEMORY STACK: 16.5MB 

********************************************************************************
DATABASE:
********************************************************************************
BUILD MODE:   PHP (query limit - 100)
MYSQLDUMP:    Not Supported
MYSQLTIMEOUT: 5000 
TABLES: total:15 | filtered:0 | create:15 
FILTERED: [] 
SQL CREATED: 20150627_eerie_558f0112e15ee7534150627200122_database.sql 
SQL FILE SIZE: 485.51KB 
SQL FILE TIME: 2015-06-27 20:02:05 
SQL RUNTIME: 0.03 sec. 

******************************************************************************** 
ARCHIVE (ZIP): 
******************************************************************************** 
ARCHIVE DIR:  /Users/erikmagnusson/PhpstormProjects/eerie 
ARCHIVE FILE: 20150627_eerie_558f0112e15ee7534150627200122_archive.zip 
FILTERS: *OFF* 
DIRS:  not set 
EXTS:  not set 
---------------------------------------- 
COMPRESSING 
SIZE:	23.09MB 
STATS:	Dirs 143 | Files 1,286 | Links 0 
SQL ADDED: 20150627_eerie_558f0112e15ee7534150627200122_database.sql 
ZipArchive Object
(
    [status] => 0
    [statusSys] => 0
    [numFiles] => 1429
    [filename] => /Users/erikmagnusson/PhpstormProjects/eerie/wp-snapshots/tmp/20150627_eerie_558f0112e15ee7534150627200122_archive.zip
    [comment] => 
)
 
COMPRESSION RESULT: '1' 
COMPRESSED SIZE: 10.25MB 
ARCHIVE RUNTIME: 2.91 sec. 
MEMORY STACK: 17.25MB 

******************************************************************************** 
MAKE INSTALLER: 
******************************************************************************** 
Build Start 
Build Finished 
Preping for use 
Template parsed with new data 
Complete [/Users/erikmagnusson/PhpstormProjects/eerie/wp-snapshots/tmp/20150627_eerie_558f0112e15ee7534150627200122_installer.php] 
Added to archive 

******************************************************************************** 
INTEGRITY CHECKS: 
******************************************************************************** 
SQL File: 485.51KB 
Installer File: 317.97KB 
Archive File: 10.25MB  

********************************************************************************
RECORD ID:[1]
TOTAL PROCESS RUNTIME: 3.12 sec.
PEAK PHP MEMORY USED: 19.75MB
DONE PROCESSING => 20150627_eerie 2015-06-27 20:02:08
 
